#
# A fatal error has been detected by the Java Runtime Environment:
#
#  Internal Error (javaClasses.cpp:129), pid=5500, tid=4920
#  fatal error: Invalid layout of preloaded class
#
# JRE version: 7.0_11-b21
# Java VM: Java HotSpot(TM) 64-Bit Server VM (23.6-b04 mixed mode windows-amd64 compressed oops)
# Failed to write core dump. Minidumps are not enabled by default on client versions of Windows
#
# If you would like to submit a bug report, please visit:
#   http://bugreport.sun.com/bugreport/crash.jsp
#

---------------  T H R E A D  ---------------

Current thread (0x000000000309e000):  JavaThread "Unknown thread" [_thread_in_vm, id=4920, stack(0x0000000002d40000,0x0000000002e40000)]

Stack: [0x0000000002d40000,0x0000000002e40000]

---------------  P R O C E S S  ---------------

Java Threads: ( => current thread )

Other Threads:

=>0x000000000309e000 (exited) JavaThread "Unknown thread" [_thread_in_vm, id=4920, stack(0x0000000002d40000,0x0000000002e40000)]

VM state:not at safepoint (not fully initialized)

VM Mutex/Monitor currently owned by a thread: None

GC Heap History (0 events):
No events

Deoptimization events (0 events):
No events

Internal exceptions (0 events):
No events

Events (10 events):
Event: 0.007 loading class 0x0000000002f13f20 done
Event: 0.007 loading class 0x0000000002ed4470 done
Event: 0.007 loading class 0x0000000002ed4650
Event: 0.007 loading class 0x000000000c25eae0
Event: 0.007 loading class 0x000000000c25eae0 done
Event: 0.007 loading class 0x000000000c25f060
Event: 0.007 loading class 0x000000000c25f060 done
Event: 0.007 loading class 0x0000000002f62500
Event: 0.007 loading class 0x0000000002f62500 done
Event: 0.007 loading class 0x0000000002ed4650 done


Dynamic libraries:
0x000007f60fd60000 - 0x000007f60fd93000 	C:\Program Files\Java\jre7\bin\javaw.exe
0x000007ff8d600000 - 0x000007ff8d7be000 	C:\Windows\SYSTEM32\ntdll.dll
0x000007ff8d020000 - 0x000007ff8d156000 	C:\Windows\system32\KERNEL32.DLL
0x000007ff8a600000 - 0x000007ff8a6f3000 	C:\Windows\system32\KERNELBASE.dll
0x000007ff8b080000 - 0x000007ff8b15e000 	C:\Windows\system32\ADVAPI32.dll
0x000007ff8c560000 - 0x000007ff8c6ac000 	C:\Windows\system32\USER32.dll
0x000007ff87ee0000 - 0x000007ff88149000 	C:\Windows\WinSxS\amd64_microsoft.windows.common-controls_6595b64144ccf1df_6.0.9200.16384_none_418c2a697189c07f\COMCTL32.dll
0x000007ff8d160000 - 0x000007ff8d205000 	C:\Windows\system32\msvcrt.dll
0x000007ff8ab30000 - 0x000007ff8ab78000 	C:\Windows\SYSTEM32\sechost.dll
0x000007ff8d280000 - 0x000007ff8d3c0000 	C:\Windows\system32\RPCRT4.dll
0x000007ff8ccc0000 - 0x000007ff8ce00000 	C:\Windows\system32\GDI32.dll
0x000007ff8c450000 - 0x000007ff8c489000 	C:\Windows\system32\IMM32.DLL
0x000007ff8af60000 - 0x000007ff8b075000 	C:\Windows\system32\MSCTF.dll
0x000007ff8a510000 - 0x000007ff8a518000 	C:\PROGRA~2\NVIDIA~1\3DVISI~1\NVSTIN~1.DLL
0x000007ff8ca80000 - 0x000007ff8ca87000 	C:\Windows\system32\PSAPI.DLL
0x000000006db50000 - 0x000000006dbf3000 	C:\Windows\WinSxS\amd64_microsoft.vc90.crt_1fc8b3b9a1e18e3b_9.0.30729.6871_none_08e717a5a83adddf\MSVCR90.dll
0x000007ff8a410000 - 0x000007ff8a450000 	C:\Windows\system32\nvinitx.dll
0x000000000f000000 - 0x000000000f006000 	C:\Program Files\NVIDIA Corporation\CoProcManager\detoured.dll
0x000007ff87e80000 - 0x000007ff87ed4000 	C:\Program Files\NVIDIA Corporation\CoProcManager\nvd3d9wrapx.dll
0x000007ff8c700000 - 0x000007ff8c8d0000 	C:\Windows\system32\SETUPAPI.dll
0x000007ff8a9c0000 - 0x000007ff8aa0f000 	C:\Windows\system32\CFGMGR32.dll
0x000007ff8a990000 - 0x000007ff8a9b2000 	C:\Windows\system32\DEVOBJ.dll
0x000007ff87a40000 - 0x000007ff87a83000 	C:\Program Files\NVIDIA Corporation\CoProcManager\nvdxgiwrapx.dll
0x000000006cc30000 - 0x000000006cd01000 	C:\Program Files\Java\jre7\bin\msvcr100.dll
0x000000006b1d0000 - 0x000000006b8ef000 	C:\Program Files\Java\jre7\bin\server\jvm.dll
0x000007ff6bef0000 - 0x000007ff6bef9000 	C:\Windows\SYSTEM32\WSOCK32.dll
0x000007ff87a10000 - 0x000007ff87a30000 	C:\Windows\SYSTEM32\WINMM.dll
0x000007ff8aa70000 - 0x000007ff8aac8000 	C:\Windows\system32\WS2_32.dll
0x000007ff87600000 - 0x000007ff87632000 	C:\Windows\SYSTEM32\WINMMBASE.dll
0x000007ff8d010000 - 0x000007ff8d019000 	C:\Windows\system32\NSI.dll
0x000000006cc20000 - 0x000000006cc2f000 	C:\Program Files\Java\jre7\bin\verify.dll
0x000000006b1a0000 - 0x000000006b1c8000 	C:\Program Files\Java\jre7\bin\java.dll
0x000000006cc00000 - 0x000000006cc15000 	C:\Program Files\Java\jre7\bin\zip.dll

VM Arguments:
jvm_args: -Dfile.encoding=Cp1252 -Xbootclasspath:C:\Program Files (x86)\eclipse\sdk\platforms\android-15\android.jar 
java_command: org.eclipse.jdt.internal.junit.runner.RemoteTestRunner -version 3 -port 3757 -testLoaderClass org.eclipse.jdt.internal.junit4.runner.JUnit4TestLoader -loaderpluginname org.eclipse.jdt.junit4.runtime -classNames com.cmput301w13t09.cmput301project.tests.IngredientModelTest
Launcher Type: SUN_STANDARD

Environment Variables:
PATH=C:\Program Files (x86)\NVIDIA Corporation\PhysX\Common;C:\Windows\system32;C:\Windows;C:\Windows\System32\Wbem;C:\Windows\System32\WindowsPowerShell\v1.0\;C:\Program Files (x86)\Windows Kits\8.0\Windows Performance Toolkit\;C:\Program Files\Microsoft\Web Platform Installer\;C:\Program Files (x86)\Microsoft ASP.NET\ASP.NET Web Pages\v1.0\;C:\Program Files\Microsoft SQL Server\110\Tools\Binn\;C:\Program Files\WIDCOMM\Bluetooth Software\;C:\Program Files\WIDCOMM\Bluetooth Software\syswow64;
USERNAME=Marcus
OS=Windows_NT
PROCESSOR_IDENTIFIER=Intel64 Family 6 Model 42 Stepping 7, GenuineIntel



---------------  S Y S T E M  ---------------

OS: Windows 8 , 64 bit Build 9200 

CPU:total 8 (4 cores per cpu, 2 threads per core) family 6 model 42 stepping 7, cmov, cx8, fxsr, mmx, sse, sse2, sse3, ssse3, sse4.1, sse4.2, popcnt, avx, ht, tsc, tscinvbit

Memory: 4k page, physical 8335212k(5511208k free), swap 9580396k(6184632k free)

vm_info: Java HotSpot(TM) 64-Bit Server VM (23.6-b04) for windows-amd64 JRE (1.7.0_11-b21), built on Jan 12 2013 02:38:42 by "java_re" with unknown MS VC++:1600

time: Thu Mar 14 14:55:20 2013
elapsed time: 0 seconds

